[14-Sep-2016 17:32:07 PRC] PHP Fatal error:  Class 'main\Psr4AutoloaderClass' not found in E:\www\tester\index.php on line 5
[14-Sep-2016 17:32:31 PRC] PHP Fatal error:  Class 'app\Index' not found in E:\www\tester\index.php on line 14
[14-Sep-2016 17:36:38 PRC] PHP Fatal error:  Class 'app\Index' not found in E:\www\tester\index.php on line 14
[14-Sep-2016 17:40:49 PRC] PHP Parse error:  syntax error, unexpected '(', expecting ',' or ';' in E:\www\tester\index.php on line 4
[14-Sep-2016 17:43:18 PRC] PHP Parse error:  syntax error, unexpected '(', expecting ',' or ';' in E:\www\tester\index.php on line 7
[14-Sep-2016 17:43:59 PRC] PHP Parse error:  syntax error, unexpected '(', expecting ',' or ';' in E:\www\tester\index.php on line 7
[14-Sep-2016 17:47:16 PRC] PHP Notice:  Use of undefined constant ROOT_APTH - assumed 'ROOT_APTH' in E:\www\tester\index.php on line 13
[14-Sep-2016 17:53:20 PRC] PHP Parse error:  syntax error, unexpected ''\\app\\'' (T_CONSTANT_ENCAPSED_STRING) in E:\www\tester\index.php on line 28
[14-Sep-2016 17:54:03 PRC] PHP Parse error:  syntax error, unexpected '"\\app\\"' (T_CONSTANT_ENCAPSED_STRING) in E:\www\tester\index.php on line 28
[14-Sep-2016 17:55:38 PRC] PHP Parse error:  syntax error, unexpected '"\\app\\"' (T_CONSTANT_ENCAPSED_STRING) in E:\www\tester\index.php on line 28
[14-Sep-2016 17:55:39 PRC] PHP Parse error:  syntax error, unexpected '"\\app\\"' (T_CONSTANT_ENCAPSED_STRING) in E:\www\tester\index.php on line 28
[14-Sep-2016 17:56:10 PRC] PHP Parse error:  syntax error, unexpected '"\\app\\"' (T_CONSTANT_ENCAPSED_STRING) in E:\www\tester\index.php on line 23
[14-Sep-2016 17:56:20 PRC] PHP Parse error:  syntax error, unexpected '"\\app\\"' (T_CONSTANT_ENCAPSED_STRING) in E:\www\tester\index.php on line 23
[14-Sep-2016 17:57:15 PRC] PHP Fatal error:  Class '\app\Index' not found in E:\www\tester\index.php on line 26
[14-Sep-2016 17:57:39 PRC] PHP Notice:  Undefined variable: method in E:\www\tester\index.php on line 27
[14-Sep-2016 17:57:39 PRC] PHP Warning:  call_user_func_array() expects parameter 1 to be a valid callback, second array member is not a valid method in E:\www\tester\index.php on line 27
[14-Sep-2016 17:58:15 PRC] PHP Parse error:  syntax error, unexpected '"\\app\\"' (T_CONSTANT_ENCAPSED_STRING) in E:\www\tester\index.php on line 25
[14-Sep-2016 17:58:22 PRC] PHP Parse error:  syntax error, unexpected '"\\app\\"' (T_CONSTANT_ENCAPSED_STRING) in E:\www\tester\index.php on line 25
[14-Sep-2016 17:58:24 PRC] PHP Parse error:  syntax error, unexpected '"\\app\\"' (T_CONSTANT_ENCAPSED_STRING) in E:\www\tester\index.php on line 25
[14-Sep-2016 17:59:05 PRC] PHP Parse error:  syntax error, unexpected '"\\app\\"' (T_CONSTANT_ENCAPSED_STRING) in E:\www\tester\index.php on line 25
[14-Sep-2016 17:59:08 PRC] PHP Notice:  Undefined variable: obj in E:\www\tester\index.php on line 26
[14-Sep-2016 17:59:08 PRC] PHP Fatal error:  Class name must be a valid object or a string in E:\www\tester\index.php on line 26
[14-Sep-2016 18:20:20 PRC] PHP Fatal error:  Class 'system\Controller' not found in E:\www\tester\app\controller\index.php on line 3
[14-Sep-2016 18:20:48 PRC] PHP Warning:  end() expects parameter 1 to be array, string given in E:\www\tester\system\controller.php on line 6
[14-Sep-2016 18:20:48 PRC] PHP Warning:  require(E:\www\tester\app/template/indexhtml): failed to open stream: No such file or directory in E:\www\tester\system\controller.php on line 9
[14-Sep-2016 18:20:48 PRC] PHP Fatal error:  require(): Failed opening required 'E:\www\tester\app/template/indexhtml' (include_path='.;C:\php\pear') in E:\www\tester\system\controller.php on line 9
[14-Sep-2016 18:21:16 PRC] PHP Strict Standards:  Only variables should be passed by reference in E:\www\tester\system\controller.php on line 6
[14-Sep-2016 18:21:16 PRC] PHP Warning:  require(E:\www\tester\app/template/indexhtml): failed to open stream: No such file or directory in E:\www\tester\system\controller.php on line 9
[14-Sep-2016 18:21:16 PRC] PHP Fatal error:  require(): Failed opening required 'E:\www\tester\app/template/indexhtml' (include_path='.;C:\php\pear') in E:\www\tester\system\controller.php on line 9
[14-Sep-2016 18:21:46 PRC] PHP Warning:  require(E:\www\tester\app/template/indexhtml): failed to open stream: No such file or directory in E:\www\tester\system\controller.php on line 10
[14-Sep-2016 18:21:46 PRC] PHP Fatal error:  require(): Failed opening required 'E:\www\tester\app/template/indexhtml' (include_path='.;C:\php\pear') in E:\www\tester\system\controller.php on line 10
[14-Sep-2016 18:32:03 PRC] PHP Notice:  Undefined variable: abc in E:\www\tester\app\template\index.html on line 6
[14-Sep-2016 18:32:28 PRC] PHP Notice:  Undefined variable: abc in E:\www\tester\app\template\index.html on line 6
[14-Sep-2016 18:32:40 PRC] PHP Notice:  Undefined variable: abc in E:\www\tester\app\template\index.html on line 6
[14-Sep-2016 18:32:49 PRC] PHP Notice:  Undefined variable: abc in E:\www\tester\app\template\index.html on line 6
[14-Sep-2016 18:34:54 PRC] PHP Notice:  Undefined variable: abc in E:\www\tester\app\template\index.html on line 6
[18-Sep-2016 10:32:51 PRC] PHP Warning:  call_user_func_array() expects parameter 1 to be a valid callback, class 'app\Index' does not have a method 'index1' in E:\www\tester\index.php on line 12
[18-Sep-2016 11:07:38 PRC] PHP Notice:  Undefined variable: action不存在 in E:\www\tester\index.php on line 16
[18-Sep-2016 11:07:38 PRC] PHP Notice:  Undefined index: config in E:\www\tester\app\common\common.php on line 11
[18-Sep-2016 11:09:06 PRC] PHP Notice:  Undefined variable: action不存在 in E:\www\tester\index.php on line 16
[18-Sep-2016 11:09:06 PRC] PHP Notice:  Undefined index: config in E:\www\tester\app\common\common.php on line 12
[18-Sep-2016 11:09:07 PRC] PHP Notice:  Undefined variable: action不存在 in E:\www\tester\index.php on line 16
[18-Sep-2016 11:09:07 PRC] PHP Notice:  Undefined index: config in E:\www\tester\app\common\common.php on line 12
[18-Sep-2016 11:09:15 PRC] PHP Notice:  Undefined variable: action不存在 in E:\www\tester\index.php on line 16
[18-Sep-2016 11:09:15 PRC] PHP Notice:  Undefined index: config in E:\www\tester\app\common\common.php on line 12
[18-Sep-2016 11:09:31 PRC] PHP Notice:  Undefined variable: action不存在 in E:\www\tester\index.php on line 16
[18-Sep-2016 11:09:52 PRC] PHP Notice:  Undefined variable: action不存在 in E:\www\tester\index.php on line 16
[18-Sep-2016 11:09:52 PRC] PHP Notice:  Undefined index: config in E:\www\tester\app\common\common.php on line 16
[18-Sep-2016 11:09:58 PRC] PHP Notice:  Undefined variable: action不存在 in E:\www\tester\index.php on line 16
[18-Sep-2016 11:09:58 PRC] PHP Notice:  Undefined index: config in E:\www\tester\app\common\common.php on line 15
[18-Sep-2016 11:10:11 PRC] PHP Notice:  Undefined variable: action不存在 in E:\www\tester\index.php on line 16
[18-Sep-2016 11:10:11 PRC] PHP Notice:  Undefined index: config in E:\www\tester\app\common\common.php on line 15
[18-Sep-2016 11:10:33 PRC] PHP Notice:  Undefined variable: action不存在 in E:\www\tester\index.php on line 16
[18-Sep-2016 11:11:09 PRC] PHP Notice:  Undefined variable: action不存在 in E:\www\tester\index.php on line 16
[18-Sep-2016 11:11:41 PRC] PHP Notice:  Undefined variable: action不存在 in E:\www\tester\index.php on line 16
[18-Sep-2016 11:11:56 PRC] PHP Notice:  Undefined variable: action不存在 in E:\www\tester\index.php on line 16
[18-Sep-2016 11:14:34 PRC] PHP Notice:  Undefined variable: controller的方法 in E:\www\tester\index.php on line 16
[18-Sep-2016 11:14:34 PRC] PHP Notice:  Undefined variable: action不存在 in E:\www\tester\index.php on line 16
[18-Sep-2016 11:19:29 PRC] PHP Warning:  include(../system/autoload.php): failed to open stream: No such file or directory in E:\www\tester\init.php on line 6
[18-Sep-2016 11:19:29 PRC] PHP Warning:  include(): Failed opening '../system/autoload.php' for inclusion (include_path='.;C:\php\pear') in E:\www\tester\init.php on line 6
[18-Sep-2016 11:19:29 PRC] PHP Fatal error:  Class 'system\Psr4AutoloaderClass' not found in E:\www\tester\init.php on line 7
[21-Sep-2016 15:32:45 PRC] PHP Notice:  Undefined variable: proId in E:\www\tester\app\template\index.html on line 27
[21-Sep-2016 15:34:28 PRC] PHP Notice:  Undefined variable: proId in E:\www\tester\app\template\index.html on line 27
[21-Sep-2016 15:37:20 PRC] PHP Notice:  Undefined variable: proId in E:\www\tester\app\template\index.html on line 27
[21-Sep-2016 15:40:37 PRC] PHP Notice:  Undefined variable: proId in E:\www\tester\app\template\index.html on line 27
[21-Sep-2016 15:41:14 PRC] PHP Notice:  Undefined variable: proId in E:\www\tester\app\template\index.html on line 27
[21-Sep-2016 15:42:48 PRC] PHP Notice:  Undefined variable: proId in E:\www\tester\app\template\index.html on line 27
[21-Sep-2016 15:43:06 PRC] PHP Notice:  Undefined variable: proId in E:\www\tester\app\template\index.html on line 27
[21-Sep-2016 15:46:02 PRC] PHP Notice:  Undefined variable: proId in E:\www\tester\app\template\index.html on line 27
[21-Sep-2016 15:48:35 PRC] PHP Notice:  Undefined variable: proId in E:\www\tester\app\template\index.html on line 27
[21-Sep-2016 16:00:03 PRC] PHP Notice:  Undefined variable: proId in E:\www\tester\app\template\index.html on line 27
[21-Sep-2016 16:01:54 PRC] PHP Notice:  Undefined variable: proId in E:\www\tester\app\template\index.html on line 27
[21-Sep-2016 16:02:05 PRC] PHP Notice:  Undefined variable: proId in E:\www\tester\app\template\index.html on line 27
[21-Sep-2016 16:02:37 PRC] PHP Notice:  Undefined variable: proId in E:\www\tester\app\template\index.html on line 27
[21-Sep-2016 16:02:58 PRC] PHP Notice:  Undefined variable: proId in E:\www\tester\app\template\index.html on line 27
[21-Sep-2016 16:02:59 PRC] PHP Notice:  Undefined variable: proId in E:\www\tester\app\template\index.html on line 27
[21-Sep-2016 16:03:13 PRC] PHP Notice:  Undefined variable: proId in E:\www\tester\app\template\index.html on line 27
[21-Sep-2016 18:45:34 PRC] PHP Parse error:  syntax error, unexpected '{' in E:\www\tester\app\controller\tester.php on line 5
[21-Sep-2016 18:49:49 PRC] PHP Fatal error:  Class '\app\index' not found in E:\www\tester\index.php on line 19
[21-Sep-2016 18:53:36 PRC] PHP Notice:  Undefined variable: objStr不存在 in E:\www\tester\index.php on line 20
[21-Sep-2016 19:05:59 PRC] PHP Notice:  Undefined index: pro_id in E:\www\tester\app\controller\tester.php on line 29
[21-Sep-2016 19:06:11 PRC] PHP Notice:  Undefined index: name in E:\www\tester\app\controller\tester.php on line 13
[21-Sep-2016 19:06:11 PRC] PHP Notice:  Undefined index: lang in E:\www\tester\app\controller\tester.php on line 14
[21-Sep-2016 19:07:11 PRC] PHP Notice:  Undefined index: pro_id in E:\www\tester\app\controller\tester.php on line 29
[21-Sep-2016 19:07:37 PRC] PHP Notice:  Undefined index: pro_id in E:\www\tester\app\controller\tester.php on line 29
[22-Sep-2016 10:06:12 PRC] PHP Notice:  Undefined index: pro_id in E:\www\tester\app\controller\tester.php on line 29
[22-Sep-2016 11:02:40 PRC] PHP Notice:  Undefined index: pro_id in E:\www\tester\app\controller\tester.php on line 34
[22-Sep-2016 16:55:54 PRC] PHP Notice:  Undefined variable: codes in E:\www\tester\app\controller\tester.php on line 54
[22-Sep-2016 18:13:52 PRC] PHP Warning:  file_put_contents(./te/te/t.txt): failed to open stream: No such file or directory in E:\www\tester\sandbox.php on line 4
[22-Sep-2016 18:48:55 PRC] PHP Fatal error:  Allowed memory size of 134217728 bytes exhausted (tried to allocate 65488 bytes) in E:\www\tester\app\lib\file.php on line 32
[22-Sep-2016 18:50:30 PRC] PHP Fatal error:  Allowed memory size of 134217728 bytes exhausted (tried to allocate 65488 bytes) in E:\www\tester\app\lib\file.php on line 34
[22-Sep-2016 18:50:32 PRC] PHP Fatal error:  Allowed memory size of 134217728 bytes exhausted (tried to allocate 65488 bytes) in E:\www\tester\app\lib\file.php on line 34
[22-Sep-2016 18:50:38 PRC] PHP Fatal error:  Allowed memory size of 134217728 bytes exhausted (tried to allocate 65488 bytes) in E:\www\tester\app\lib\file.php on line 34
[22-Sep-2016 18:50:40 PRC] PHP Fatal error:  Allowed memory size of 134217728 bytes exhausted (tried to allocate 65488 bytes) in E:\www\tester\app\lib\file.php on line 34
[22-Sep-2016 18:52:18 PRC] PHP Warning:  file_put_contents(E:\www\tester\app/sandbox/source/test/index.php): failed to open stream: Permission denied in E:\www\tester\app\lib\file.php on line 29
[22-Sep-2016 18:53:50 PRC] PHP Warning:  file_put_contents(E:\www\tester\app/sandbox/source/test/index.php): failed to open stream: Permission denied in E:\www\tester\app\lib\file.php on line 29
[26-Sep-2016 19:26:10 PRC] PHP Parse error:  syntax error, unexpected '=' in E:\www\system\db.php on line 19
[26-Sep-2016 19:26:32 PRC] PHP Warning:  mysqli_fetch_assoc() expects parameter 1 to be mysqli_result, boolean given in E:\www\system\db.php on line 12
[26-Sep-2016 19:27:10 PRC] PHP Warning:  mysqli_fetch_assoc() expects parameter 1 to be mysqli_result, boolean given in E:\www\system\db.php on line 12
[28-Sep-2016 17:27:19 PRC] PHP Parse error:  syntax error, unexpected '$db' (T_VARIABLE), expecting function (T_FUNCTION) in E:\www\system\controller.php on line 5
[28-Sep-2016 17:27:22 PRC] PHP Parse error:  syntax error, unexpected '$db' (T_VARIABLE), expecting function (T_FUNCTION) in E:\www\system\controller.php on line 5
[28-Sep-2016 17:28:38 PRC] PHP Parse error:  syntax error, unexpected '$db' (T_VARIABLE), expecting function (T_FUNCTION) in E:\www\system\controller.php on line 5
[28-Sep-2016 17:29:33 PRC] PHP Parse error:  syntax error, unexpected '$conn' (T_VARIABLE), expecting function (T_FUNCTION) in E:\www\system\db.php on line 6
[28-Sep-2016 17:53:33 PRC] PHP Warning:  require(E:\www\tester\app/template/index.html): failed to open stream: No such file or directory in E:\www\system\controller.php on line 16
[28-Sep-2016 17:53:33 PRC] PHP Fatal error:  require(): Failed opening required 'E:\www\tester\app/template/index.html' (include_path='.;C:\php\pear') in E:\www\system\controller.php on line 16
[28-Sep-2016 18:20:23 PRC] PHP Warning:  mysqli_error() expects exactly 1 parameter, 0 given in E:\www\tester\app\controller\index.php on line 30
[29-Sep-2016 10:54:12 PRC] PHP Notice:  Undefined offset: 0 in E:\www\tester\app\controller\index.php on line 40
[29-Sep-2016 10:54:12 PRC] PHP Notice:  Undefined index:  in E:\www\tester\app\controller\index.php on line 48
[29-Sep-2016 10:54:12 PRC] PHP Warning:  Invalid argument supplied for foreach() in E:\www\tester\app\template\main.html on line 36
[29-Sep-2016 10:56:32 PRC] PHP Notice:  Undefined offset: 0 in E:\www\tester\app\controller\index.php on line 42
[29-Sep-2016 10:56:32 PRC] PHP Notice:  Undefined index:  in E:\www\tester\app\controller\index.php on line 53
[29-Sep-2016 10:56:32 PRC] PHP Warning:  Invalid argument supplied for foreach() in E:\www\tester\app\template\main.html on line 36
[29-Sep-2016 14:21:02 PRC] PHP Warning:  mysqli_fetch_assoc() expects parameter 1 to be mysqli_result, boolean given in E:\www\system\db.php on line 22
[29-Sep-2016 14:21:13 PRC] PHP Warning:  mysqli_fetch_assoc() expects parameter 1 to be mysqli_result, boolean given in E:\www\system\db.php on line 22
[29-Sep-2016 14:21:14 PRC] PHP Warning:  mysqli_fetch_assoc() expects parameter 1 to be mysqli_result, boolean given in E:\www\system\db.php on line 22
[29-Sep-2016 14:21:14 PRC] PHP Warning:  mysqli_fetch_assoc() expects parameter 1 to be mysqli_result, boolean given in E:\www\system\db.php on line 22
[29-Sep-2016 14:21:15 PRC] PHP Warning:  mysqli_fetch_assoc() expects parameter 1 to be mysqli_result, boolean given in E:\www\system\db.php on line 22
[29-Sep-2016 14:21:18 PRC] PHP Warning:  mysqli_fetch_assoc() expects parameter 1 to be mysqli_result, boolean given in E:\www\system\db.php on line 22
[29-Sep-2016 14:21:18 PRC] PHP Warning:  mysqli_fetch_assoc() expects parameter 1 to be mysqli_result, boolean given in E:\www\system\db.php on line 22
[29-Sep-2016 14:21:19 PRC] PHP Warning:  mysqli_fetch_assoc() expects parameter 1 to be mysqli_result, boolean given in E:\www\system\db.php on line 22
[29-Sep-2016 14:21:19 PRC] PHP Warning:  mysqli_fetch_assoc() expects parameter 1 to be mysqli_result, boolean given in E:\www\system\db.php on line 22
[29-Sep-2016 14:21:19 PRC] PHP Warning:  mysqli_fetch_assoc() expects parameter 1 to be mysqli_result, boolean given in E:\www\system\db.php on line 22
[29-Sep-2016 14:21:19 PRC] PHP Warning:  mysqli_fetch_assoc() expects parameter 1 to be mysqli_result, boolean given in E:\www\system\db.php on line 22
[29-Sep-2016 14:21:35 PRC] PHP Warning:  mysqli_fetch_assoc() expects parameter 1 to be mysqli_result, boolean given in E:\www\system\db.php on line 22
[29-Sep-2016 14:21:35 PRC] PHP Warning:  mysqli_fetch_assoc() expects parameter 1 to be mysqli_result, boolean given in E:\www\system\db.php on line 22
[29-Sep-2016 14:21:36 PRC] PHP Warning:  mysqli_fetch_assoc() expects parameter 1 to be mysqli_result, boolean given in E:\www\system\db.php on line 22
[29-Sep-2016 14:21:36 PRC] PHP Warning:  mysqli_fetch_assoc() expects parameter 1 to be mysqli_result, boolean given in E:\www\system\db.php on line 22
[29-Sep-2016 14:21:37 PRC] PHP Warning:  mysqli_fetch_assoc() expects parameter 1 to be mysqli_result, boolean given in E:\www\system\db.php on line 22
[29-Sep-2016 14:21:52 PRC] PHP Warning:  mysqli_fetch_assoc() expects parameter 1 to be mysqli_result, boolean given in E:\www\system\db.php on line 22
[29-Sep-2016 14:21:53 PRC] PHP Warning:  mysqli_fetch_assoc() expects parameter 1 to be mysqli_result, boolean given in E:\www\system\db.php on line 22
[29-Sep-2016 14:21:53 PRC] PHP Warning:  mysqli_fetch_assoc() expects parameter 1 to be mysqli_result, boolean given in E:\www\system\db.php on line 22
[29-Sep-2016 14:21:53 PRC] PHP Warning:  mysqli_fetch_assoc() expects parameter 1 to be mysqli_result, boolean given in E:\www\system\db.php on line 22
[29-Sep-2016 14:22:01 PRC] PHP Warning:  mysqli_fetch_assoc() expects parameter 1 to be mysqli_result, boolean given in E:\www\system\db.php on line 22
[29-Sep-2016 14:22:01 PRC] PHP Warning:  mysqli_fetch_assoc() expects parameter 1 to be mysqli_result, boolean given in E:\www\system\db.php on line 22
[29-Sep-2016 14:22:01 PRC] PHP Warning:  mysqli_fetch_assoc() expects parameter 1 to be mysqli_result, boolean given in E:\www\system\db.php on line 22
[29-Sep-2016 14:22:20 PRC] PHP Warning:  mysqli_fetch_assoc() expects parameter 1 to be mysqli_result, boolean given in E:\www\system\db.php on line 22
[29-Sep-2016 14:22:20 PRC] PHP Warning:  mysqli_fetch_assoc() expects parameter 1 to be mysqli_result, boolean given in E:\www\system\db.php on line 22
[29-Sep-2016 14:26:39 PRC] PHP Warning:  mysqli_fetch_assoc() expects parameter 1 to be mysqli_result, boolean given in E:\www\system\db.php on line 22
[29-Sep-2016 14:26:50 PRC] PHP Warning:  mysqli_fetch_assoc() expects parameter 1 to be mysqli_result, boolean given in E:\www\system\db.php on line 22
[29-Sep-2016 14:28:45 PRC] PHP Warning:  mysqli_fetch_assoc() expects parameter 1 to be mysqli_result, boolean given in E:\www\system\db.php on line 22
[29-Sep-2016 14:28:52 PRC] PHP Warning:  mysqli_fetch_assoc() expects parameter 1 to be mysqli_result, boolean given in E:\www\system\db.php on line 22
[29-Sep-2016 14:28:53 PRC] PHP Warning:  mysqli_fetch_assoc() expects parameter 1 to be mysqli_result, boolean given in E:\www\system\db.php on line 22
[29-Sep-2016 14:28:53 PRC] PHP Warning:  mysqli_fetch_assoc() expects parameter 1 to be mysqli_result, boolean given in E:\www\system\db.php on line 22
[29-Sep-2016 14:28:58 PRC] PHP Warning:  mysqli_fetch_assoc() expects parameter 1 to be mysqli_result, boolean given in E:\www\system\db.php on line 22
[29-Sep-2016 14:29:01 PRC] PHP Warning:  mysqli_fetch_assoc() expects parameter 1 to be mysqli_result, boolean given in E:\www\system\db.php on line 22
[29-Sep-2016 14:29:01 PRC] PHP Warning:  mysqli_fetch_assoc() expects parameter 1 to be mysqli_result, boolean given in E:\www\system\db.php on line 22
[29-Sep-2016 14:29:01 PRC] PHP Warning:  mysqli_fetch_assoc() expects parameter 1 to be mysqli_result, boolean given in E:\www\system\db.php on line 22
[29-Sep-2016 14:29:02 PRC] PHP Warning:  mysqli_fetch_assoc() expects parameter 1 to be mysqli_result, boolean given in E:\www\system\db.php on line 22
[29-Sep-2016 14:29:02 PRC] PHP Warning:  mysqli_fetch_assoc() expects parameter 1 to be mysqli_result, boolean given in E:\www\system\db.php on line 22
[29-Sep-2016 14:29:38 PRC] PHP Warning:  mysqli_fetch_assoc() expects parameter 1 to be mysqli_result, boolean given in E:\www\system\db.php on line 22
[29-Sep-2016 14:29:49 PRC] PHP Warning:  mysqli_fetch_assoc() expects parameter 1 to be mysqli_result, boolean given in E:\www\system\db.php on line 22
[29-Sep-2016 14:30:18 PRC] PHP Warning:  mysqli_fetch_assoc() expects parameter 1 to be mysqli_result, boolean given in E:\www\system\db.php on line 22
[29-Sep-2016 14:30:22 PRC] PHP Warning:  mysqli_fetch_assoc() expects parameter 1 to be mysqli_result, boolean given in E:\www\system\db.php on line 22
[29-Sep-2016 14:43:21 PRC] PHP Warning:  mysqli_fetch_assoc() expects parameter 1 to be mysqli_result, boolean given in E:\www\system\db.php on line 22
[29-Sep-2016 14:43:21 PRC] PHP Warning:  mysqli_fetch_assoc() expects parameter 1 to be mysqli_result, boolean given in E:\www\system\db.php on line 22
[29-Sep-2016 14:45:50 PRC] PHP Warning:  mysqli_fetch_assoc() expects parameter 1 to be mysqli_result, boolean given in E:\www\system\db.php on line 22
[29-Sep-2016 14:46:34 PRC] PHP Warning:  mysqli_fetch_assoc() expects parameter 1 to be mysqli_result, boolean given in E:\www\system\db.php on line 22
[29-Sep-2016 14:46:58 PRC] PHP Warning:  mysqli_fetch_assoc() expects parameter 1 to be mysqli_result, boolean given in E:\www\system\db.php on line 22
[29-Sep-2016 14:47:58 PRC] PHP Warning:  mysqli_fetch_assoc() expects parameter 1 to be mysqli_result, boolean given in E:\www\system\db.php on line 22
[29-Sep-2016 14:49:05 PRC] PHP Warning:  mysqli_fetch_assoc() expects parameter 1 to be mysqli_result, boolean given in E:\www\system\db.php on line 22
[29-Sep-2016 14:49:55 PRC] PHP Warning:  mysqli_fetch_assoc() expects parameter 1 to be mysqli_result, boolean given in E:\www\system\db.php on line 22
[29-Sep-2016 14:50:11 PRC] PHP Warning:  mysqli_fetch_assoc() expects parameter 1 to be mysqli_result, boolean given in E:\www\system\db.php on line 22
[29-Sep-2016 14:50:51 PRC] PHP Warning:  mysqli_fetch_assoc() expects parameter 1 to be mysqli_result, boolean given in E:\www\system\db.php on line 22
[29-Sep-2016 14:51:18 PRC] PHP Warning:  mysqli_fetch_assoc() expects parameter 1 to be mysqli_result, boolean given in E:\www\system\db.php on line 22
[29-Sep-2016 14:51:37 PRC] PHP Warning:  mysqli_fetch_assoc() expects parameter 1 to be mysqli_result, boolean given in E:\www\system\db.php on line 22
[29-Sep-2016 14:51:38 PRC] PHP Warning:  mysqli_fetch_assoc() expects parameter 1 to be mysqli_result, boolean given in E:\www\system\db.php on line 22
[29-Sep-2016 14:51:38 PRC] PHP Warning:  mysqli_fetch_assoc() expects parameter 1 to be mysqli_result, boolean given in E:\www\system\db.php on line 22
[29-Sep-2016 14:51:39 PRC] PHP Warning:  mysqli_fetch_assoc() expects parameter 1 to be mysqli_result, boolean given in E:\www\system\db.php on line 22
[29-Sep-2016 14:51:39 PRC] PHP Warning:  mysqli_fetch_assoc() expects parameter 1 to be mysqli_result, boolean given in E:\www\system\db.php on line 22
[29-Sep-2016 14:51:40 PRC] PHP Warning:  mysqli_fetch_assoc() expects parameter 1 to be mysqli_result, boolean given in E:\www\system\db.php on line 22
[29-Sep-2016 14:51:40 PRC] PHP Warning:  mysqli_fetch_assoc() expects parameter 1 to be mysqli_result, boolean given in E:\www\system\db.php on line 22
[29-Sep-2016 14:51:41 PRC] PHP Warning:  mysqli_fetch_assoc() expects parameter 1 to be mysqli_result, boolean given in E:\www\system\db.php on line 22
[29-Sep-2016 14:51:41 PRC] PHP Warning:  mysqli_fetch_assoc() expects parameter 1 to be mysqli_result, boolean given in E:\www\system\db.php on line 22
[29-Sep-2016 14:51:42 PRC] PHP Warning:  mysqli_fetch_assoc() expects parameter 1 to be mysqli_result, boolean given in E:\www\system\db.php on line 22
[29-Sep-2016 14:51:43 PRC] PHP Warning:  mysqli_fetch_assoc() expects parameter 1 to be mysqli_result, boolean given in E:\www\system\db.php on line 22
[29-Sep-2016 14:51:43 PRC] PHP Warning:  mysqli_fetch_assoc() expects parameter 1 to be mysqli_result, boolean given in E:\www\system\db.php on line 22
[29-Sep-2016 14:51:44 PRC] PHP Warning:  mysqli_fetch_assoc() expects parameter 1 to be mysqli_result, boolean given in E:\www\system\db.php on line 22
[29-Sep-2016 14:51:44 PRC] PHP Warning:  mysqli_fetch_assoc() expects parameter 1 to be mysqli_result, boolean given in E:\www\system\db.php on line 22
[29-Sep-2016 16:12:23 PRC] PHP Fatal error:  Call to undefined function system\msyqli_insert_id() in E:\www\system\db.php on line 31
[29-Sep-2016 16:21:29 PRC] PHP Fatal error:  Call to undefined function system\msyqli_insert_id() in E:\www\system\db.php on line 31
[29-Sep-2016 16:21:30 PRC] PHP Fatal error:  Call to undefined function system\msyqli_insert_id() in E:\www\system\db.php on line 31
[29-Sep-2016 16:24:23 PRC] PHP Parse error:  syntax error, unexpected ''hello.php\';' (T_ENCAPSED_AND_WHITESPACE), expecting identifier (T_STRING) in E:\www\tester\app\sandbox\source\test\index.php on line 7
[29-Sep-2016 16:27:57 PRC] PHP Parse error:  syntax error, unexpected ''hello.php\';' (T_ENCAPSED_AND_WHITESPACE), expecting identifier (T_STRING) in E:\www\tester\app\sandbox\source\test\index.php on line 7
[29-Sep-2016 16:28:10 PRC] PHP Parse error:  syntax error, unexpected ''hello.php\';' (T_ENCAPSED_AND_WHITESPACE), expecting identifier (T_STRING) in E:\www\tester\app\sandbox\source\test\index.php on line 7
[29-Sep-2016 16:28:17 PRC] PHP Parse error:  syntax error, unexpected ''hello.php\';' (T_ENCAPSED_AND_WHITESPACE), expecting identifier (T_STRING) in E:\www\tester\app\sandbox\source\test\index.php on line 7
[29-Sep-2016 16:28:55 PRC] PHP Parse error:  syntax error, unexpected ''hello.php\';' (T_ENCAPSED_AND_WHITESPACE), expecting identifier (T_STRING) in E:\www\tester\app\sandbox\source\test\index.php on line 7
[29-Sep-2016 16:31:09 PRC] PHP Parse error:  syntax error, unexpected ''hello.php\';' (T_ENCAPSED_AND_WHITESPACE), expecting identifier (T_STRING) in E:\www\tester\app\sandbox\source\test\index.php on line 7
[29-Sep-2016 16:34:20 PRC] PHP Parse error:  syntax error, unexpected ''hello.php\';' (T_ENCAPSED_AND_WHITESPACE), expecting identifier (T_STRING) in E:\www\tester\app\sandbox\source\test\index.php on line 7
[29-Sep-2016 16:34:30 PRC] PHP Parse error:  syntax error, unexpected ''hello.php\';' (T_ENCAPSED_AND_WHITESPACE), expecting identifier (T_STRING) in E:\www\tester\app\sandbox\source\test\index.php on line 7
[29-Sep-2016 16:39:19 PRC] PHP Parse error:  syntax error, unexpected ''hello.php\';' (T_ENCAPSED_AND_WHITESPACE), expecting identifier (T_STRING) in E:\www\tester\app\sandbox\source\test\index.php on line 7
[29-Sep-2016 16:39:56 PRC] PHP Parse error:  syntax error, unexpected ''hello.php\';' (T_ENCAPSED_AND_WHITESPACE), expecting identifier (T_STRING) in E:\www\tester\app\sandbox\source\test\index.php on line 7
[29-Sep-2016 16:47:06 PRC] PHP Notice:  Undefined variable: proName in E:\www\tester\app\controller\index.php on line 72
[29-Sep-2016 18:13:02 PRC] PHP Parse error:  syntax error, unexpected ''hello.php\';' (T_ENCAPSED_AND_WHITESPACE), expecting identifier (T_STRING) in E:\www\tester\app\sandbox\source\phptest1_3\index.php on line 7
[30-Sep-2016 09:54:51 PRC] PHP Parse error:  syntax error, unexpected ''hello.php\';' (T_ENCAPSED_AND_WHITESPACE), expecting identifier (T_STRING) in E:\www\tester\app\sandbox\source\phptest1_3\index.php on line 7
[30-Sep-2016 10:10:15 PRC] PHP Parse error:  syntax error, unexpected ''hello.php\';' (T_ENCAPSED_AND_WHITESPACE), expecting identifier (T_STRING) in E:\www\tester\app\sandbox\source\phptest1_3\index.php on line 7
[30-Sep-2016 10:17:15 PRC] PHP Warning:  file_put_contents(E:/www/tester/app/sandbox/source/phptest1_3/index.php*): failed to open stream: No error in E:\www\tester\app\lib\file.php on line 27
[30-Sep-2016 10:17:15 PRC] PHP Warning:  file_put_contents(E:/www/tester/app/sandbox/source/phptest1_3/hello.php*): failed to open stream: No error in E:\www\tester\app\lib\file.php on line 27
[30-Sep-2016 10:18:41 PRC] PHP Warning:  file_put_contents(E:/www/tester/app/sandbox/source/phptest1_3/index.php*): failed to open stream: No error in E:\www\tester\app\lib\file.php on line 27
[30-Sep-2016 10:18:41 PRC] PHP Warning:  file_put_contents(E:/www/tester/app/sandbox/source/phptest1_3/hello.php*): failed to open stream: No error in E:\www\tester\app\lib\file.php on line 27
[30-Sep-2016 10:18:55 PRC] PHP Warning:  file_put_contents(E:/www/tester/app/sandbox/source/phptest1_3/index.php*): failed to open stream: No error in E:\www\tester\app\lib\file.php on line 27
[30-Sep-2016 10:18:55 PRC] PHP Warning:  file_put_contents(E:/www/tester/app/sandbox/source/phptest1_3/hello.php*): failed to open stream: No error in E:\www\tester\app\lib\file.php on line 27
[30-Sep-2016 10:19:26 PRC] PHP Warning:  file_put_contents(E:/www/tester/app/sandbox/source/phptest1_3/index.php*): failed to open stream: No error in E:\www\tester\app\lib\file.php on line 27
[30-Sep-2016 10:19:26 PRC] PHP Warning:  file_put_contents(E:/www/tester/app/sandbox/source/phptest1_3/hello.php*): failed to open stream: No error in E:\www\tester\app\lib\file.php on line 27
[30-Sep-2016 10:19:33 PRC] PHP Warning:  file_put_contents(E:/www/tester/app/sandbox/source/phptest1_3/index.php*): failed to open stream: No error in E:\www\tester\app\lib\file.php on line 27
[30-Sep-2016 10:19:33 PRC] PHP Warning:  file_put_contents(E:/www/tester/app/sandbox/source/phptest1_3/hello.php*): failed to open stream: No error in E:\www\tester\app\lib\file.php on line 27
[30-Sep-2016 10:19:33 PRC] PHP Warning:  file_put_contents(E:/www/tester/app/sandbox/source/phptest1_3/index.php*): failed to open stream: No error in E:\www\tester\app\lib\file.php on line 27
[30-Sep-2016 10:19:33 PRC] PHP Warning:  file_put_contents(E:/www/tester/app/sandbox/source/phptest1_3/hello.php*): failed to open stream: No error in E:\www\tester\app\lib\file.php on line 27
[30-Sep-2016 10:23:17 PRC] PHP Warning:  file_put_contents(E:/www/tester/app/sandbox/source/phptest1_3/index.php*): failed to open stream: No such file or directory in E:\www\tester\app\lib\file.php on line 27
[30-Sep-2016 10:23:17 PRC] PHP Warning:  file_put_contents(E:/www/tester/app/sandbox/source/phptest1_3/hello.php*): failed to open stream: No such file or directory in E:\www\tester\app\lib\file.php on line 27
[30-Sep-2016 10:23:17 PRC] PHP Warning:  file_put_contents(E:/www/tester/app/sandbox/source/phptest1_3/fdfdfdf.php*): failed to open stream: No such file or directory in E:\www\tester\app\lib\file.php on line 27
[30-Sep-2016 10:23:17 PRC] PHP Warning:  file_put_contents(E:/www/tester/app/sandbox/source/phptest1_3/fdfd.php*): failed to open stream: No such file or directory in E:\www\tester\app\lib\file.php on line 27
[30-Sep-2016 10:23:18 PRC] PHP Warning:  file_put_contents(E:/www/tester/app/sandbox/source/phptest1_3/index.php*): failed to open stream: No error in E:\www\tester\app\lib\file.php on line 27
[30-Sep-2016 10:23:18 PRC] PHP Warning:  file_put_contents(E:/www/tester/app/sandbox/source/phptest1_3/hello.php*): failed to open stream: No error in E:\www\tester\app\lib\file.php on line 27
[30-Sep-2016 10:23:18 PRC] PHP Warning:  file_put_contents(E:/www/tester/app/sandbox/source/phptest1_3/fdfdfdf.php*): failed to open stream: No error in E:\www\tester\app\lib\file.php on line 27
[30-Sep-2016 10:23:18 PRC] PHP Warning:  file_put_contents(E:/www/tester/app/sandbox/source/phptest1_3/fdfd.php*): failed to open stream: No error in E:\www\tester\app\lib\file.php on line 27
[30-Sep-2016 10:25:01 PRC] PHP Warning:  file_put_contents(E:/www/tester/app/sandbox/source/phptest1_3/index.php*): failed to open stream: No error in E:\www\tester\app\lib\file.php on line 27
[30-Sep-2016 10:25:01 PRC] PHP Warning:  file_put_contents(E:/www/tester/app/sandbox/source/phptest1_3/hello.php*): failed to open stream: No error in E:\www\tester\app\lib\file.php on line 27
[30-Sep-2016 11:34:54 PRC] PHP Parse error:  syntax error, unexpected ''hello.php\';' (T_ENCAPSED_AND_WHITESPACE), expecting identifier (T_STRING) in E:\www\tester\app\sandbox\source\phptest1_3\index.php on line 7
[30-Sep-2016 11:35:06 PRC] PHP Parse error:  syntax error, unexpected ''hello.php\';' (T_ENCAPSED_AND_WHITESPACE), expecting identifier (T_STRING) in E:\www\tester\app\sandbox\source\phptest1_3\index.php on line 7
[30-Sep-2016 15:55:31 PRC] PHP Warning:  preg_match(): Unknown modifier 'c' in E:\www\system\controller.php on line 24
[30-Sep-2016 15:56:05 PRC] PHP Warning:  preg_match(): Unknown modifier 'c' in E:\www\system\controller.php on line 24
[30-Sep-2016 15:57:08 PRC] PHP Warning:  preg_match(): Unknown modifier 'c' in E:\www\system\controller.php on line 24
[30-Sep-2016 15:57:27 PRC] PHP Warning:  preg_match(): Unknown modifier 'c' in E:\www\system\controller.php on line 24
[30-Sep-2016 15:57:47 PRC] PHP Warning:  preg_match(): Unknown modifier 'c' in E:\www\system\controller.php on line 24
[30-Sep-2016 15:57:49 PRC] PHP Warning:  preg_match(): Unknown modifier 'c' in E:\www\system\controller.php on line 24
[08-Oct-2016 10:52:24 PRC] PHP Notice:  Array to string conversion in E:\www\system\controller.php on line 24
[08-Oct-2016 11:01:04 PRC] PHP Notice:  Array to string conversion in E:\www\system\controller.php on line 33
[08-Oct-2016 11:01:04 PRC] PHP Notice:  Array to string conversion in E:\www\system\controller.php on line 33
[08-Oct-2016 11:01:04 PRC] PHP Notice:  Array to string conversion in E:\www\system\controller.php on line 33
[08-Oct-2016 11:01:32 PRC] PHP Notice:  Array to string conversion in E:\www\system\controller.php on line 33
[08-Oct-2016 11:01:32 PRC] PHP Notice:  Array to string conversion in E:\www\system\controller.php on line 33
[08-Oct-2016 11:01:32 PRC] PHP Notice:  Array to string conversion in E:\www\system\controller.php on line 33
[08-Oct-2016 11:04:53 PRC] PHP Notice:  Array to string conversion in E:\www\system\controller.php on line 34
[08-Oct-2016 11:04:53 PRC] PHP Notice:  Array to string conversion in E:\www\system\controller.php on line 34
[08-Oct-2016 11:04:53 PRC] PHP Notice:  Array to string conversion in E:\www\system\controller.php on line 34
[08-Oct-2016 11:06:58 PRC] PHP Notice:  Undefined offset: 1 in E:\www\system\controller.php on line 36
[08-Oct-2016 11:14:00 PRC] PHP Parse error:  syntax error, unexpected 'extends' (T_EXTENDS) in E:\www\system\controller.php on line 32
[08-Oct-2016 11:21:24 PRC] PHP Warning:  preg_match(): Compilation failed: unmatched parentheses at offset 21 in E:\www\system\controller.php on line 27
[08-Oct-2016 11:21:26 PRC] PHP Warning:  preg_match(): Compilation failed: unmatched parentheses at offset 21 in E:\www\system\controller.php on line 27
[08-Oct-2016 11:26:02 PRC] PHP Notice:  Undefined index:  in E:\www\tester\app\controller\index.php on line 53
[08-Oct-2016 11:26:02 PRC] PHP Warning:  Invalid argument supplied for foreach() in E:\www\tester\app\template\main.html on line 64
[08-Oct-2016 11:26:38 PRC] PHP Notice:  Undefined index:  in E:\www\tester\app\controller\index.php on line 53
[08-Oct-2016 11:26:38 PRC] PHP Warning:  Invalid argument supplied for foreach() in E:\www\tester\app\template\main.html on line 64
[08-Oct-2016 11:26:41 PRC] PHP Notice:  Undefined index:  in E:\www\tester\app\controller\index.php on line 53
[08-Oct-2016 11:26:41 PRC] PHP Warning:  Invalid argument supplied for foreach() in E:\www\tester\app\template\main.html on line 64
[08-Oct-2016 11:27:10 PRC] PHP Notice:  Undefined index:  in E:\www\tester\app\controller\index.php on line 53
[08-Oct-2016 11:27:10 PRC] PHP Warning:  Invalid argument supplied for foreach() in E:\www\tester\app\template\main.html on line 64
[08-Oct-2016 11:27:13 PRC] PHP Notice:  Undefined index:  in E:\www\tester\app\controller\index.php on line 53
[08-Oct-2016 11:27:13 PRC] PHP Warning:  Invalid argument supplied for foreach() in E:\www\tester\app\template\main.html on line 64
[08-Oct-2016 11:27:46 PRC] PHP Notice:  Undefined index:  in E:\www\tester\app\controller\index.php on line 53
[08-Oct-2016 11:27:46 PRC] PHP Warning:  Invalid argument supplied for foreach() in E:\www\tester\app\template\main.html on line 64
[08-Oct-2016 11:28:39 PRC] PHP Notice:  Undefined index:  in E:\www\tester\app\controller\index.php on line 53
[08-Oct-2016 11:28:39 PRC] PHP Warning:  Invalid argument supplied for foreach() in E:\www\tester\app\template\main.html on line 64
[08-Oct-2016 11:28:56 PRC] PHP Notice:  Undefined index:  in E:\www\tester\app\controller\index.php on line 53
[08-Oct-2016 11:28:56 PRC] PHP Warning:  Invalid argument supplied for foreach() in E:\www\tester\app\template\main.html on line 64
[08-Oct-2016 11:28:56 PRC] PHP Notice:  Undefined index:  in E:\www\tester\app\controller\index.php on line 53
[08-Oct-2016 11:28:56 PRC] PHP Warning:  Invalid argument supplied for foreach() in E:\www\tester\app\template\main.html on line 64
[08-Oct-2016 16:30:07 PRC] PHP Parse error:  syntax error, unexpected 'as' (T_AS) in E:\www\tester\app\template\project.html on line 19
[08-Oct-2016 16:46:19 PRC] PHP Notice:  Undefined index: user in E:\www\tester\app\template\project.html on line 21
[08-Oct-2016 16:46:19 PRC] PHP Notice:  Undefined index: user in E:\www\tester\app\template\project.html on line 21
[10-Oct-2016 14:30:06 PRC] PHP Fatal error:  Unsupported operand types in E:\www\tester\app\controller\index.php on line 28
[10-Oct-2016 14:41:51 PRC] PHP Fatal error:  Unsupported operand types in E:\www\tester\app\controller\index.php on line 28
[10-Oct-2016 14:42:29 PRC] PHP Fatal error:  Unsupported operand types in E:\www\tester\app\controller\index.php on line 28
[10-Oct-2016 14:42:32 PRC] PHP Fatal error:  Unsupported operand types in E:\www\tester\app\controller\index.php on line 28
[10-Oct-2016 14:42:59 PRC] PHP Fatal error:  Unsupported operand types in E:\www\tester\app\controller\index.php on line 29
[10-Oct-2016 14:43:15 PRC] PHP Fatal error:  Unsupported operand types in E:\www\tester\app\controller\index.php on line 29
[10-Oct-2016 14:43:34 PRC] PHP Fatal error:  Unsupported operand types in E:\www\tester\app\controller\index.php on line 29
[10-Oct-2016 14:55:16 PRC] PHP Notice:  Use of undefined constant Math - assumed 'Math' in E:\www\tester\app\controller\index.php on line 31
[10-Oct-2016 15:34:30 PRC] PHP Notice:  Use of undefined constant Math - assumed 'Math' in E:\www\tester\app\controller\index.php on line 31
[10-Oct-2016 15:34:44 PRC] PHP Notice:  Use of undefined constant Math - assumed 'Math' in E:\www\tester\app\controller\index.php on line 31
[10-Oct-2016 15:34:46 PRC] PHP Notice:  Use of undefined constant Math - assumed 'Math' in E:\www\tester\app\controller\index.php on line 31
[10-Oct-2016 15:34:49 PRC] PHP Notice:  Use of undefined constant Math - assumed 'Math' in E:\www\tester\app\controller\index.php on line 31
[10-Oct-2016 15:36:21 PRC] PHP Notice:  Use of undefined constant Math - assumed 'Math' in E:\www\tester\app\controller\index.php on line 31
[10-Oct-2016 15:36:55 PRC] PHP Notice:  Use of undefined constant Math - assumed 'Math' in E:\www\tester\app\controller\index.php on line 31
[10-Oct-2016 15:37:31 PRC] PHP Warning:  mysqli_fetch_assoc() expects parameter 1 to be mysqli_result, boolean given in E:\www\system\db.php on line 22
[10-Oct-2016 15:37:32 PRC] PHP Warning:  mysqli_fetch_assoc() expects parameter 1 to be mysqli_result, boolean given in E:\www\system\db.php on line 22
[10-Oct-2016 15:37:33 PRC] PHP Warning:  mysqli_fetch_assoc() expects parameter 1 to be mysqli_result, boolean given in E:\www\system\db.php on line 22
[10-Oct-2016 15:37:34 PRC] PHP Warning:  mysqli_fetch_assoc() expects parameter 1 to be mysqli_result, boolean given in E:\www\system\db.php on line 22
[10-Oct-2016 15:38:00 PRC] PHP Warning:  mysqli_fetch_assoc() expects parameter 1 to be mysqli_result, boolean given in E:\www\system\db.php on line 22
[10-Oct-2016 15:39:16 PRC] PHP Warning:  mysqli_fetch_assoc() expects parameter 1 to be mysqli_result, boolean given in E:\www\system\db.php on line 22
[12-Oct-2016 16:00:49 PRC] PHP Fatal error:  Cannot redeclare app\Index::getBrowser() in E:\www\tester\app\controller\index.php on line 196
[12-Oct-2016 16:35:56 PRC] PHP Parse error:  syntax error, unexpected '$browser' (T_VARIABLE) in E:\www\tester\app\controller\index.php on line 149
[14-Oct-2016 10:38:36 PRC] PHP Notice:  Undefined variable: broser in E:\www\tester\app\controller\index.php on line 109
[14-Oct-2016 10:38:36 PRC] PHP Notice:  Undefined variable: proInfo in E:\www\tester\app\controller\index.php on line 138
[14-Oct-2016 10:38:57 PRC] PHP Notice:  Undefined variable: broser in E:\www\tester\app\controller\index.php on line 109
[14-Oct-2016 10:38:57 PRC] PHP Notice:  Undefined variable: proInfo in E:\www\tester\app\controller\index.php on line 138
[14-Oct-2016 10:55:39 PRC] PHP Fatal error:  Cannot redeclare app\Index::getBrowser() in E:\www\tester\app\controller\index.php on line 173
[14-Oct-2016 16:25:05 PRC] PHP Notice:  Undefined variable: v in E:\www\tester\app\controller\index.php on line 202
[14-Oct-2016 16:25:05 PRC] PHP Notice:  Undefined variable: v in E:\www\tester\app\controller\index.php on line 202
[14-Oct-2016 16:25:05 PRC] PHP Notice:  Undefined variable: v in E:\www\tester\app\controller\index.php on line 202
[14-Oct-2016 16:25:05 PRC] PHP Notice:  Undefined variable: v in E:\www\tester\app\controller\index.php on line 202
[14-Oct-2016 16:58:17 PRC] PHP Notice:  Undefined index: parentId in E:\www\tester\app\controller\index.php on line 241
[14-Oct-2016 17:43:33 PRC] PHP Notice:  Undefined index: shot_name in E:\www\tester\app\controller\index.php on line 157
[14-Oct-2016 17:44:16 PRC] PHP Notice:  Undefined index: shot_name in E:\www\tester\app\controller\index.php on line 157
[14-Oct-2016 17:44:20 PRC] PHP Notice:  Undefined index: shot_name in E:\www\tester\app\controller\index.php on line 157
[14-Oct-2016 17:44:22 PRC] PHP Notice:  Undefined index: shot_name in E:\www\tester\app\controller\index.php on line 157
[14-Oct-2016 17:45:49 PRC] PHP Notice:  Undefined index: shot_name in E:\www\tester\app\controller\index.php on line 158
[14-Oct-2016 17:46:01 PRC] PHP Notice:  Undefined index: shot_name in E:\www\tester\app\controller\index.php on line 158
[14-Oct-2016 17:47:19 PRC] PHP Notice:  Undefined index: shot_name in E:\www\tester\app\controller\index.php on line 158
[17-Oct-2016 11:24:56 PRC] PHP Notice:  Undefined index: fileName in E:\www\tester\app\controller\index.php on line 157
[17-Oct-2016 11:59:17 PRC] PHP Warning:  rmdir(E:\www\tester\app/sandbox/source/phptest_2//testdir): Directory not empty in E:\www\tester\app\lib\file.php on line 13
[17-Oct-2016 11:59:17 PRC] PHP Warning:  mkdir(): Permission denied in E:\www\tester\app\lib\file.php on line 29
[17-Oct-2016 11:59:17 PRC] PHP Warning:  file_put_contents(E:/www/tester/app/sandbox/source/phptest_2/testdir/testdir1/index.php): failed to open stream: Permission denied in E:\www\tester\app\lib\file.php on line 27
[17-Oct-2016 16:45:31 PRC] PHP Notice:  Undefined index: fullPath in E:\www\tester\app\controller\index.php on line 211
[17-Oct-2016 16:45:31 PRC] PHP Notice:  Undefined index: fullPath in E:\www\tester\app\controller\index.php on line 157
[17-Oct-2016 16:45:31 PRC] PHP Notice:  Undefined index: fullPath in E:\www\tester\app\controller\index.php on line 158
[17-Oct-2016 16:53:21 PRC] PHP Notice:  Undefined index: fullPath in E:\www\tester\app\controller\index.php on line 211
[17-Oct-2016 16:53:21 PRC] PHP Notice:  Undefined index: fullPath in E:\www\tester\app\controller\index.php on line 157
[17-Oct-2016 16:53:21 PRC] PHP Notice:  Undefined index: fullPath in E:\www\tester\app\controller\index.php on line 158
[19-Oct-2016 16:14:45 PRC] PHP Warning:  call_user_func_array() expects parameter 1 to be a valid callback, cannot access private method app\Index::getBrowser() in E:\www\tester\index.php on line 26
[19-Oct-2016 16:14:46 PRC] PHP Warning:  call_user_func_array() expects parameter 1 to be a valid callback, cannot access private method app\Index::getBrowser() in E:\www\tester\index.php on line 26
[19-Oct-2016 16:14:46 PRC] PHP Warning:  call_user_func_array() expects parameter 1 to be a valid callback, cannot access private method app\Index::getBrowser() in E:\www\tester\index.php on line 26
[19-Oct-2016 16:14:46 PRC] PHP Warning:  call_user_func_array() expects parameter 1 to be a valid callback, cannot access private method app\Index::getBrowser() in E:\www\tester\index.php on line 26
[19-Oct-2016 16:14:46 PRC] PHP Warning:  call_user_func_array() expects parameter 1 to be a valid callback, cannot access private method app\Index::getBrowser() in E:\www\tester\index.php on line 26
[19-Oct-2016 16:14:51 PRC] PHP Warning:  call_user_func_array() expects parameter 1 to be a valid callback, cannot access private method app\Index::getBrowser() in E:\www\tester\index.php on line 26
[19-Oct-2016 16:15:00 PRC] PHP Warning:  call_user_func_array() expects parameter 1 to be a valid callback, cannot access private method app\Index::getBrowser() in E:\www\tester\index.php on line 26
[19-Oct-2016 16:15:00 PRC] PHP Warning:  call_user_func_array() expects parameter 1 to be a valid callback, cannot access private method app\Index::getBrowser() in E:\www\tester\index.php on line 26
[19-Oct-2016 16:15:00 PRC] PHP Warning:  call_user_func_array() expects parameter 1 to be a valid callback, cannot access private method app\Index::getBrowser() in E:\www\tester\index.php on line 26
[19-Oct-2016 16:15:02 PRC] PHP Warning:  call_user_func_array() expects parameter 1 to be a valid callback, cannot access private method app\Index::getBrowser() in E:\www\tester\index.php on line 26
[19-Oct-2016 16:15:03 PRC] PHP Warning:  call_user_func_array() expects parameter 1 to be a valid callback, cannot access private method app\Index::getBrowser() in E:\www\tester\index.php on line 26
[19-Oct-2016 16:15:36 PRC] PHP Warning:  call_user_func_array() expects parameter 1 to be a valid callback, cannot access private method app\Index::getBrowser() in E:\www\tester\index.php on line 26
[19-Oct-2016 17:59:10 PRC] PHP Notice:  Undefined index: update_time in E:\www\tester\app\controller\index.php on line 214
[19-Oct-2016 17:59:10 PRC] PHP Notice:  Undefined index: update_time in E:\www\tester\app\controller\index.php on line 214
[19-Oct-2016 17:59:10 PRC] PHP Notice:  Undefined index: update_time in E:\www\tester\app\controller\index.php on line 214
[19-Oct-2016 17:59:10 PRC] PHP Notice:  Undefined index: update_time in E:\www\tester\app\controller\index.php on line 214
[19-Oct-2016 17:59:10 PRC] PHP Notice:  Undefined index: update_time in E:\www\tester\app\controller\index.php on line 214
[19-Oct-2016 17:59:10 PRC] PHP Notice:  Undefined index: update_time in E:\www\tester\app\controller\index.php on line 214
[19-Oct-2016 17:59:10 PRC] PHP Notice:  Undefined index: update_time in E:\www\tester\app\controller\index.php on line 214
[19-Oct-2016 17:59:10 PRC] PHP Notice:  Undefined index: update_time in E:\www\tester\app\controller\index.php on line 214
[19-Oct-2016 17:59:10 PRC] PHP Notice:  Undefined index: update_time in E:\www\tester\app\controller\index.php on line 214
[19-Oct-2016 17:59:10 PRC] PHP Notice:  Undefined index: update_time in E:\www\tester\app\controller\index.php on line 214
[19-Oct-2016 17:59:37 PRC] PHP Notice:  Undefined index: update_time in E:\www\tester\app\controller\index.php on line 214
[19-Oct-2016 17:59:37 PRC] PHP Notice:  Undefined index: update_time in E:\www\tester\app\controller\index.php on line 214
[19-Oct-2016 17:59:37 PRC] PHP Notice:  Undefined index: update_time in E:\www\tester\app\controller\index.php on line 214
[19-Oct-2016 17:59:37 PRC] PHP Notice:  Undefined index: update_time in E:\www\tester\app\controller\index.php on line 214
[19-Oct-2016 17:59:37 PRC] PHP Notice:  Undefined index: update_time in E:\www\tester\app\controller\index.php on line 214
[19-Oct-2016 17:59:37 PRC] PHP Notice:  Undefined index: update_time in E:\www\tester\app\controller\index.php on line 214
[19-Oct-2016 17:59:37 PRC] PHP Notice:  Undefined index: update_time in E:\www\tester\app\controller\index.php on line 214
[19-Oct-2016 17:59:37 PRC] PHP Notice:  Undefined index: update_time in E:\www\tester\app\controller\index.php on line 214
[19-Oct-2016 17:59:37 PRC] PHP Notice:  Undefined index: update_time in E:\www\tester\app\controller\index.php on line 214
[19-Oct-2016 17:59:37 PRC] PHP Notice:  Undefined index: update_time in E:\www\tester\app\controller\index.php on line 214
